build/app/intermediates/manifest_merge_blame_file/debug/processDebugMainManifest/manifest-merger-blame-debug-report.txt
1<?xml version="1.0" encoding="utf-8"?>
2<manifest xmlns:android="http://schemas.android.com/apk/res/android"
3    package="br.edu.unesp.auxiliovisual.auxilio_visual_app"
4    android:versionCode="1"
5    android:versionName="1.0.0" >
6
7    <uses-sdk
8        android:minSdkVersion="21"
9        android:targetSdkVersion="35" />
10    <!--
11         The INTERNET permission is required for development. Specifically,
12         the Flutter tool needs it to communicate with the running application
13         to allow setting breakpoints, to provide hot reload, etc.
14    -->
15    <uses-permission android:name="android.permission.INTERNET" />
15-->src\main\AndroidManifest.xml:5:5-67
15-->src\main\AndroidManifest.xml:5:22-64
16    <uses-permission android:name="android.permission.CAMERA" /> <!-- Informa ao Android que a câmera é usada, mas não obrigatória -->
16-->src\main\AndroidManifest.xml:6:5-65
16-->src\main\AndroidManifest.xml:6:22-62
17    <uses-feature
17-->src\main\AndroidManifest.xml:9:5-11:36
18        android:name="android.hardware.camera"
18-->src\main\AndroidManifest.xml:10:9-47
19        android:required="false" />
19-->src\main\AndroidManifest.xml:11:9-33
20    <uses-feature android:name="android.hardware.camera.any" />
20-->[:camera_android_camerax] AndroidManifest.xml:7:5-64
20-->[:camera_android_camerax] AndroidManifest.xml:7:19-61
21
22    <uses-permission android:name="android.permission.RECORD_AUDIO" />
22-->[:camera_android_camerax] AndroidManifest.xml:10:5-71
22-->[:camera_android_camerax] AndroidManifest.xml:10:22-68
23    <uses-permission
23-->[:camera_android_camerax] AndroidManifest.xml:11:5-13:38
24        android:name="android.permission.WRITE_EXTERNAL_STORAGE"
24-->[:camera_android_camerax] AndroidManifest.xml:12:9-65
25        android:maxSdkVersion="28" />
25-->[:camera_android_camerax] AndroidManifest.xml:13:9-35
26    <uses-permission android:name="android.permission.READ_EXTERNAL_STORAGE" />
27
28    <permission
28-->[androidx.core:core:1.13.1] AndroidManifest.xml:22:5-24:47
29        android:name="br.edu.unesp.auxiliovisual.auxilio_visual_app.DYNAMIC_RECEIVER_NOT_EXPORTED_PERMISSION"
29-->[androidx.core:core:1.13.1] AndroidManifest.xml:23:9-81
30        android:protectionLevel="signature" />
30-->[androidx.core:core:1.13.1] AndroidManifest.xml:24:9-44
31
32    <uses-permission android:name="br.edu.unesp.auxiliovisual.auxilio_visual_app.DYNAMIC_RECEIVER_NOT_EXPORTED_PERMISSION" />
32-->[androidx.core:core:1.13.1] AndroidManifest.xml:26:5-97
32-->[androidx.core:core:1.13.1] AndroidManifest.xml:26:22-94
33    <uses-permission android:name="android.permission.READ_PHONE_STATE" />
34
35    <application
35-->src\main\AndroidManifest.xml:13:5-38:19
36        android:appComponentFactory="androidx.core.app.CoreComponentFactory"
36-->[androidx.core:core:1.13.1] AndroidManifest.xml:28:18-86
37        android:debuggable="true"
38        android:extractNativeLibs="true"
39        android:icon="@mipmap/ic_launcher"
39-->src\main\AndroidManifest.xml:15:9-43
40        android:label="auxilio_visual_app" >
40-->src\main\AndroidManifest.xml:14:9-43
41        <activity
41-->src\main\AndroidManifest.xml:17:9-31:20
42            android:name="br.edu.unesp.auxiliovisual.auxilio_visual_app.MainActivity"
42-->src\main\AndroidManifest.xml:18:13-41
43            android:configChanges="orientation|keyboardHidden|keyboard|screenSize|smallestScreenSize|screenLayout|layoutDirection|fontScale|density|uiMode|colorMode"
43-->src\main\AndroidManifest.xml:21:13-166
44            android:exported="true"
44-->src\main\AndroidManifest.xml:19:13-36
45            android:hardwareAccelerated="true"
45-->src\main\AndroidManifest.xml:22:13-47
46            android:theme="@style/LaunchTheme"
46-->src\main\AndroidManifest.xml:20:13-47
47            android:windowSoftInputMode="adjustResize" >
47-->src\main\AndroidManifest.xml:23:13-55
48
49            <!-- Flutter requer esse intent-filter -->
50            <intent-filter>
50-->src\main\AndroidManifest.xml:26:13-29:29
51                <action android:name="android.intent.action.MAIN" />
51-->src\main\AndroidManifest.xml:27:17-69
51-->src\main\AndroidManifest.xml:27:25-66
52
53                <category android:name="android.intent.category.LAUNCHER" />
53-->src\main\AndroidManifest.xml:28:17-77
53-->src\main\AndroidManifest.xml:28:27-74
54            </intent-filter>
55        </activity>
56
57        <!-- Obrigatório para Flutter 3+ -->
58        <meta-data
58-->src\main\AndroidManifest.xml:34:9-36:33
59            android:name="flutterEmbedding"
59-->src\main\AndroidManifest.xml:35:13-44
60            android:value="2" />
60-->src\main\AndroidManifest.xml:36:13-30
61
62        <service
62-->[androidx.camera:camera-camera2:1.5.0-beta01] AndroidManifest.xml:24:9-33:19
63            android:name="androidx.camera.core.impl.MetadataHolderService"
63-->[androidx.camera:camera-camera2:1.5.0-beta01] AndroidManifest.xml:25:13-75
64            android:enabled="false"
64-->[androidx.camera:camera-camera2:1.5.0-beta01] AndroidManifest.xml:26:13-36
65            android:exported="false" >
65-->[androidx.camera:camera-camera2:1.5.0-beta01] AndroidManifest.xml:27:13-37
66            <meta-data
66-->[androidx.camera:camera-camera2:1.5.0-beta01] AndroidManifest.xml:30:13-32:89
67                android:name="androidx.camera.core.impl.MetadataHolderService.DEFAULT_CONFIG_PROVIDER"
67-->[androidx.camera:camera-camera2:1.5.0-beta01] AndroidManifest.xml:31:17-103
68                android:value="androidx.camera.camera2.Camera2Config$DefaultProvider" />
68-->[androidx.camera:camera-camera2:1.5.0-beta01] AndroidManifest.xml:32:17-86
69        </service>
70
71        <uses-library
71-->[androidx.window:window:1.2.0] AndroidManifest.xml:23:9-25:40
72            android:name="androidx.window.extensions"
72-->[androidx.window:window:1.2.0] AndroidManifest.xml:24:13-54
73            android:required="false" />
73-->[androidx.window:window:1.2.0] AndroidManifest.xml:25:13-37
74        <uses-library
74-->[androidx.window:window:1.2.0] AndroidManifest.xml:26:9-28:40
75            android:name="androidx.window.sidecar"
75-->[androidx.window:window:1.2.0] AndroidManifest.xml:27:13-51
76            android:required="false" />
76-->[androidx.window:window:1.2.0] AndroidManifest.xml:28:13-37
77
78        <provider
78-->[androidx.lifecycle:lifecycle-process:2.7.0] AndroidManifest.xml:24:9-32:20
79            android:name="androidx.startup.InitializationProvider"
79-->[androidx.lifecycle:lifecycle-process:2.7.0] AndroidManifest.xml:25:13-67
80            android:authorities="br.edu.unesp.auxiliovisual.auxilio_visual_app.androidx-startup"
80-->[androidx.lifecycle:lifecycle-process:2.7.0] AndroidManifest.xml:26:13-68
81            android:exported="false" >
81-->[androidx.lifecycle:lifecycle-process:2.7.0] AndroidManifest.xml:27:13-37
82            <meta-data
82-->[androidx.lifecycle:lifecycle-process:2.7.0] AndroidManifest.xml:29:13-31:52
83                android:name="androidx.lifecycle.ProcessLifecycleInitializer"
83-->[androidx.lifecycle:lifecycle-process:2.7.0] AndroidManifest.xml:30:17-78
84                android:value="androidx.startup" />
84-->[androidx.lifecycle:lifecycle-process:2.7.0] AndroidManifest.xml:31:17-49
85            <meta-data
85-->[androidx.profileinstaller:profileinstaller:1.3.1] AndroidManifest.xml:29:13-31:52
86                android:name="androidx.profileinstaller.ProfileInstallerInitializer"
86-->[androidx.profileinstaller:profileinstaller:1.3.1] AndroidManifest.xml:30:17-85
87                android:value="androidx.startup" />
87-->[androidx.profileinstaller:profileinstaller:1.3.1] AndroidManifest.xml:31:17-49
88        </provider>
89
90        <receiver
90-->[androidx.profileinstaller:profileinstaller:1.3.1] AndroidManifest.xml:34:9-52:20
91            android:name="androidx.profileinstaller.ProfileInstallReceiver"
91-->[androidx.profileinstaller:profileinstaller:1.3.1] AndroidManifest.xml:35:13-76
92            android:directBootAware="false"
92-->[androidx.profileinstaller:profileinstaller:1.3.1] AndroidManifest.xml:36:13-44
93            android:enabled="true"
93-->[androidx.profileinstaller:profileinstaller:1.3.1] AndroidManifest.xml:37:13-35
94            android:exported="true"
94-->[androidx.profileinstaller:profileinstaller:1.3.1] AndroidManifest.xml:38:13-36
95            android:permission="android.permission.DUMP" >
95-->[androidx.profileinstaller:profileinstaller:1.3.1] AndroidManifest.xml:39:13-57
96            <intent-filter>
96-->[androidx.profileinstaller:profileinstaller:1.3.1] AndroidManifest.xml:40:13-42:29
97                <action android:name="androidx.profileinstaller.action.INSTALL_PROFILE" />
97-->[androidx.profileinstaller:profileinstaller:1.3.1] AndroidManifest.xml:41:17-91
97-->[androidx.profileinstaller:profileinstaller:1.3.1] AndroidManifest.xml:41:25-88
98            </intent-filter>
99            <intent-filter>
99-->[androidx.profileinstaller:profileinstaller:1.3.1] AndroidManifest.xml:43:13-45:29
100                <action android:name="androidx.profileinstaller.action.SKIP_FILE" />
100-->[androidx.profileinstaller:profileinstaller:1.3.1] AndroidManifest.xml:44:17-85
100-->[androidx.profileinstaller:profileinstaller:1.3.1] AndroidManifest.xml:44:25-82
101            </intent-filter>
102            <intent-filter>
102-->[androidx.profileinstaller:profileinstaller:1.3.1] AndroidManifest.xml:46:13-48:29
103                <action android:name="androidx.profileinstaller.action.SAVE_PROFILE" />
103-->[androidx.profileinstaller:profileinstaller:1.3.1] AndroidManifest.xml:47:17-88
103-->[androidx.profileinstaller:profileinstaller:1.3.1] AndroidManifest.xml:47:25-85
104            </intent-filter>
105            <intent-filter>
105-->[androidx.profileinstaller:profileinstaller:1.3.1] AndroidManifest.xml:49:13-51:29
106                <action android:name="androidx.profileinstaller.action.BENCHMARK_OPERATION" />
106-->[androidx.profileinstaller:profileinstaller:1.3.1] AndroidManifest.xml:50:17-95
106-->[androidx.profileinstaller:profileinstaller:1.3.1] AndroidManifest.xml:50:25-92
107            </intent-filter>
108        </receiver>
109        <!--
110 Applications that target Android S+ require explicit declaration of
111             any referenced vendor-provided libraries.
112        -->
113        <uses-native-library
113-->[com.google.ai.edge.litert:litert-gpu-api:1.4.0] AndroidManifest.xml:8:9-10:40
114            android:name="libOpenCL.so"
114-->[com.google.ai.edge.litert:litert-gpu-api:1.4.0] AndroidManifest.xml:9:13-40
115            android:required="false" />
115-->[com.google.ai.edge.litert:litert-gpu-api:1.4.0] AndroidManifest.xml:10:13-37
116        <uses-native-library
116-->[com.google.ai.edge.litert:litert-gpu-api:1.4.0] AndroidManifest.xml:8:9-10:40
117            android:name="libOpenCL-car.so"
117-->[com.google.ai.edge.litert:litert-gpu-api:1.4.0] AndroidManifest.xml:9:13-40
118            android:required="false" />
118-->[com.google.ai.edge.litert:litert-gpu-api:1.4.0] AndroidManifest.xml:10:13-37
119        <uses-native-library
119-->[com.google.ai.edge.litert:litert-gpu-api:1.4.0] AndroidManifest.xml:8:9-10:40
120            android:name="libOpenCL-pixel.so"
120-->[com.google.ai.edge.litert:litert-gpu-api:1.4.0] AndroidManifest.xml:9:13-40
121            android:required="false" />
121-->[com.google.ai.edge.litert:litert-gpu-api:1.4.0] AndroidManifest.xml:10:13-37
122    </application>
123
124</manifest>